# JRE version: Java(TM) SE Runtime Environment (8.0_25-b18) (build 1.8.0_25-b18)
# Java VM: Java HotSpot(TM) 64-Bit Server VM (25.25-b02 mixed mode windows-amd64 compressed oops)
Heap:
 PSYoungGen      total 50176K, used 25575K [0x00000007bc400000, 0x00000007c0000000, 0x00000007c0000000)
  eden space 38400K, 66% used [0x00000007bc400000,0x00000007bdcf9c50,0x00000007be980000)
  from space 11776K, 0% used [0x00000007bf480000,0x00000007bf480000,0x00000007c0000000)
  to   space 11264K, 0% used [0x00000007be980000,0x00000007be980000,0x00000007bf480000)
 ParOldGen       total 152576K, used 41328K [0x0000000700000000, 0x0000000709500000, 0x00000007bc400000)
  object space 152576K, 27% used [0x0000000700000000,0x000000070285c3f8,0x0000000709500000)
 Metaspace       used 51913K, capacity 52271K, committed 52864K, reserved 1095680K
  class space    used 7473K, capacity 7542K, committed 7552K, reserved 1048576K
GC Heap History (10 events):
Event: 554.816 GC heap before
{Heap before GC invocations=32 (full 4):
 PSYoungGen      total 47616K, used 9766K [0x00000007bc400000, 0x00000007c0000000, 0x00000007c0000000)
  eden space 33792K, 22% used [0x00000007bc400000,0x00000007bcb7ef48,0x00000007be500000)
  from space 13824K, 15% used [0x00000007be500000,0x00000007be70ac10,0x00000007bf280000)
  to   space 12800K, 0% used [0x00000007bf380000,0x00000007bf380000,0x00000007c0000000)
 ParOldGen       total 152576K, used 38191K [0x0000000700000000, 0x0000000709500000, 0x00000007bc400000)
  object space 152576K, 25% used [0x0000000700000000,0x000000070254bd20,0x0000000709500000)
 Metaspace       used 51548K, capacity 51887K, committed 52352K, reserved 1093632K
  class space    used 7452K, capacity 7542K, committed 7552K, reserved 1048576K
Event: 554.827 GC heap after
Heap after GC invocations=32 (full 4):
 PSYoungGen      total 49152K, used 1506K [0x00000007bc400000, 0x00000007c0000000, 0x00000007c0000000)
  eden space 36352K, 0% used [0x00000007bc400000,0x00000007bc400000,0x00000007be780000)
  from space 12800K, 11% used [0x00000007bf380000,0x00000007bf4f8990,0x00000007c0000000)
  to   space 12288K, 0% used [0x00000007be780000,0x00000007be780000,0x00000007bf380000)
 ParOldGen       total 152576K, used 38199K [0x0000000700000000, 0x0000000709500000, 0x00000007bc400000)
  object space 152576K, 25% used [0x0000000700000000,0x000000070254dd20,0x0000000709500000)
 Metaspace       used 51548K, capacity 51887K, committed 52352K, reserved 1093632K
  class space    used 7452K, capacity 7542K, committed 7552K, reserved 1048576K
}
Event: 554.827 GC heap before
{Heap before GC invocations=33 (full 5):
 PSYoungGen      total 49152K, used 1506K [0x00000007bc400000, 0x00000007c0000000, 0x00000007c0000000)
  eden space 36352K, 0% used [0x00000007bc400000,0x00000007bc400000,0x00000007be780000)
  from space 12800K, 11% used [0x00000007bf380000,0x00000007bf4f8990,0x00000007c0000000)
  to   space 12288K, 0% used [0x00000007be780000,0x00000007be780000,0x00000007bf380000)
 ParOldGen       total 152576K, used 38199K [0x0000000700000000, 0x0000000709500000, 0x00000007bc400000)
  object space 152576K, 25% used [0x0000000700000000,0x000000070254dd20,0x0000000709500000)
 Metaspace       used 51548K, capacity 51887K, committed 52352K, reserved 1093632K
  class space    used 7452K, capacity 7542K, committed 7552K, reserved 1048576K
Event: 555.040 GC heap after
Heap after GC invocations=33 (full 5):
 PSYoungGen      total 49152K, used 0K [0x00000007bc400000, 0x00000007c0000000, 0x00000007c0000000)
  eden space 36352K, 0% used [0x00000007bc400000,0x00000007bc400000,0x00000007be780000)
  from space 12800K, 0% used [0x00000007bf380000,0x00000007bf380000,0x00000007c0000000)
  to   space 12288K, 0% used [0x00000007be780000,0x00000007be780000,0x00000007bf380000)
 ParOldGen       total 152576K, used 38577K [0x0000000700000000, 0x0000000709500000, 0x00000007bc400000)
  object space 152576K, 25% used [0x0000000700000000,0x00000007025ac688,0x0000000709500000)
 Metaspace       used 51548K, capacity 51887K, committed 52352K, reserved 1093632K
  class space    used 7452K, capacity 7542K, committed 7552K, reserved 1048576K
}
Event: 1470.410 GC heap before
{Heap before GC invocations=34 (full 5):
 PSYoungGen      total 49152K, used 36352K [0x00000007bc400000, 0x00000007c0000000, 0x00000007c0000000)
  eden space 36352K, 100% used [0x00000007bc400000,0x00000007be780000,0x00000007be780000)
  from space 12800K, 0% used [0x00000007bf380000,0x00000007bf380000,0x00000007c0000000)
  to   space 12288K, 0% used [0x00000007be780000,0x00000007be780000,0x00000007bf380000)
 ParOldGen       total 152576K, used 38577K [0x0000000700000000, 0x0000000709500000, 0x00000007bc400000)
  object space 152576K, 25% used [0x0000000700000000,0x00000007025ac688,0x0000000709500000)
 Metaspace       used 51772K, capacity 52143K, committed 52608K, reserved 1093632K
  class space    used 7458K, capacity 7542K, committed 7552K, reserved 1048576K
Event: 1470.526 GC heap after
Heap after GC invocations=34 (full 5):
 PSYoungGen      total 48640K, used 4160K [0x00000007bc400000, 0x00000007c0000000, 0x00000007c0000000)
  eden space 36352K, 0% used [0x00000007bc400000,0x00000007bc400000,0x00000007be780000)
  from space 12288K, 33% used [0x00000007be780000,0x00000007beb90000,0x00000007bf380000)
  to   space 11776K, 0% used [0x00000007bf480000,0x00000007bf480000,0x00000007c0000000)
 ParOldGen       total 152576K, used 38585K [0x0000000700000000, 0x0000000709500000, 0x00000007bc400000)
  object space 152576K, 25% used [0x0000000700000000,0x00000007025ae688,0x0000000709500000)
 Metaspace       used 51772K, capacity 52143K, committed 52608K, reserved 1093632K
  class space    used 7458K, capacity 7542K, committed 7552K, reserved 1048576K
}
Event: 2357.491 GC heap before
{Heap before GC invocations=35 (full 5):
 PSYoungGen      total 48640K, used 36049K [0x00000007bc400000, 0x00000007c0000000, 0x00000007c0000000)
  eden space 36352K, 87% used [0x00000007bc400000,0x00000007be3247c0,0x00000007be780000)
  from space 12288K, 33% used [0x00000007be780000,0x00000007beb90000,0x00000007bf380000)
  to   space 11776K, 0% used [0x00000007bf480000,0x00000007bf480000,0x00000007c0000000)
 ParOldGen       total 152576K, used 38585K [0x0000000700000000, 0x0000000709500000, 0x00000007bc400000)
  object space 152576K, 25% used [0x0000000700000000,0x00000007025ae688,0x0000000709500000)
 Metaspace       used 51792K, capacity 52143K, committed 52608K, reserved 1093632K
  class space    used 7458K, capacity 7542K, committed 7552K, reserved 1048576K
Event: 2357.534 GC heap after
Heap after GC invocations=35 (full 5):
 PSYoungGen      total 50176K, used 4032K [0x00000007bc400000, 0x00000007c0000000, 0x00000007c0000000)
  eden space 38400K, 0% used [0x00000007bc400000,0x00000007bc400000,0x00000007be980000)
  from space 11776K, 34% used [0x00000007bf480000,0x00000007bf870000,0x00000007c0000000)
  to   space 11264K, 0% used [0x00000007be980000,0x00000007be980000,0x00000007bf480000)
 ParOldGen       total 152576K, used 38593K [0x0000000700000000, 0x0000000709500000, 0x00000007bc400000)
  object space 152576K, 25% used [0x0000000700000000,0x00000007025b0688,0x0000000709500000)
 Metaspace       used 51792K, capacity 52143K, committed 52608K, reserved 1093632K
  class space    used 7458K, capacity 7542K, committed 7552K, reserved 1048576K
}
Event: 2357.534 GC heap before
{Heap before GC invocations=36 (full 6):
 PSYoungGen      total 50176K, used 4032K [0x00000007bc400000, 0x00000007c0000000, 0x00000007c0000000)
  eden space 38400K, 0% used [0x00000007bc400000,0x00000007bc400000,0x00000007be980000)
  from space 11776K, 34% used [0x00000007bf480000,0x00000007bf870000,0x00000007c0000000)
  to   space 11264K, 0% used [0x00000007be980000,0x00000007be980000,0x00000007bf480000)
 ParOldGen       total 152576K, used 38593K [0x0000000700000000, 0x0000000709500000, 0x00000007bc400000)
  object space 152576K, 25% used [0x0000000700000000,0x00000007025b0688,0x0000000709500000)
 Metaspace       used 51792K, capacity 52143K, committed 52608K, reserved 1093632K
  class space    used 7458K, capacity 7542K, committed 7552K, reserved 1048576K
Event: 2357.709 GC heap after
Heap after GC invocations=36 (full 6):
 PSYoungGen      total 50176K, used 0K [0x00000007bc400000, 0x00000007c0000000, 0x00000007c0000000)
  eden space 38400K, 0% used [0x00000007bc400000,0x00000007bc400000,0x00000007be980000)
  from space 11776K, 0% used [0x00000007bf480000,0x00000007bf480000,0x00000007c0000000)
  to   space 11264K, 0% used [0x00000007be980000,0x00000007be980000,0x00000007bf480000)
 ParOldGen       total 152576K, used 41328K [0x0000000700000000, 0x0000000709500000, 0x00000007bc400000)
  object space 152576K, 27% used [0x0000000700000000,0x000000070285c3f8,0x0000000709500000)
 Metaspace       used 51792K, capacity 52143K, committed 52608K, reserved 1093632K
  class space    used 7458K, capacity 7542K, committed 7552K, reserved 1048576K
}

