# JRE version: Java(TM) SE Runtime Environment (8.0_25-b18) (build 1.8.0_25-b18)
# Java VM: Java HotSpot(TM) 64-Bit Server VM (25.25-b02 mixed mode windows-amd64 compressed oops)
Heap:
 PSYoungGen      total 53248K, used 26850K [0x00000007bc400000, 0x00000007c0000000, 0x00000007c0000000)
  eden space 46080K, 44% used [0x00000007bc400000,0x00000007bd815f10,0x00000007bf100000)
  from space 7168K, 87% used [0x00000007bf900000,0x00000007bff229f0,0x00000007c0000000)
  to   space 7680K, 0% used [0x00000007bf100000,0x00000007bf100000,0x00000007bf880000)
 ParOldGen       total 77312K, used 48916K [0x0000000700000000, 0x0000000704b80000, 0x00000007bc400000)
  object space 77312K, 63% used [0x0000000700000000,0x0000000702fc5198,0x0000000704b80000)
 Metaspace       used 58536K, capacity 58893K, committed 59440K, reserved 1099776K
  class space    used 8435K, capacity 8485K, committed 8496K, reserved 1048576K
GC Heap History (10 events):
Event: 1032.093 GC heap before
{Heap before GC invocations=54 (full 6):
 PSYoungGen      total 52736K, used 47437K [0x00000007bc400000, 0x00000007c0000000, 0x00000007c0000000)
  eden space 44544K, 100% used [0x00000007bc400000,0x00000007bef80000,0x00000007bef80000)
  from space 8192K, 35% used [0x00000007bef80000,0x00000007bf253460,0x00000007bf780000)
  to   space 8192K, 0% used [0x00000007bf800000,0x00000007bf800000,0x00000007c0000000)
 ParOldGen       total 77312K, used 48916K [0x0000000700000000, 0x0000000704b80000, 0x00000007bc400000)
  object space 77312K, 63% used [0x0000000700000000,0x0000000702fc5198,0x0000000704b80000)
 Metaspace       used 58045K, capacity 58381K, committed 58928K, reserved 1099776K
  class space    used 8347K, capacity 8421K, committed 8496K, reserved 1048576K
Event: 1032.108 GC heap after
Heap after GC invocations=54 (full 6):
 PSYoungGen      total 53760K, used 3406K [0x00000007bc400000, 0x00000007c0000000, 0x00000007c0000000)
  eden space 45568K, 0% used [0x00000007bc400000,0x00000007bc400000,0x00000007bf080000)
  from space 8192K, 41% used [0x00000007bf800000,0x00000007bfb53a18,0x00000007c0000000)
  to   space 7680K, 0% used [0x00000007bf080000,0x00000007bf080000,0x00000007bf800000)
 ParOldGen       total 77312K, used 48916K [0x0000000700000000, 0x0000000704b80000, 0x00000007bc400000)
  object space 77312K, 63% used [0x0000000700000000,0x0000000702fc5198,0x0000000704b80000)
 Metaspace       used 58045K, capacity 58381K, committed 58928K, reserved 1099776K
  class space    used 8347K, capacity 8421K, committed 8496K, reserved 1048576K
}
Event: 1037.155 GC heap before
{Heap before GC invocations=55 (full 6):
 PSYoungGen      total 53760K, used 48974K [0x00000007bc400000, 0x00000007c0000000, 0x00000007c0000000)
  eden space 45568K, 100% used [0x00000007bc400000,0x00000007bf080000,0x00000007bf080000)
  from space 8192K, 41% used [0x00000007bf800000,0x00000007bfb53a18,0x00000007c0000000)
  to   space 7680K, 0% used [0x00000007bf080000,0x00000007bf080000,0x00000007bf800000)
 ParOldGen       total 77312K, used 48916K [0x0000000700000000, 0x0000000704b80000, 0x00000007bc400000)
  object space 77312K, 63% used [0x0000000700000000,0x0000000702fc5198,0x0000000704b80000)
 Metaspace       used 58058K, capacity 58445K, committed 58928K, reserved 1099776K
  class space    used 8347K, capacity 8421K, committed 8496K, reserved 1048576K
Event: 1037.165 GC heap after
Heap after GC invocations=55 (full 6):
 PSYoungGen      total 53248K, used 2867K [0x00000007bc400000, 0x00000007c0000000, 0x00000007c0000000)
  eden space 45568K, 0% used [0x00000007bc400000,0x00000007bc400000,0x00000007bf080000)
  from space 7680K, 37% used [0x00000007bf080000,0x00000007bf34cd80,0x00000007bf800000)
  to   space 7168K, 0% used [0x00000007bf900000,0x00000007bf900000,0x00000007c0000000)
 ParOldGen       total 77312K, used 48916K [0x0000000700000000, 0x0000000704b80000, 0x00000007bc400000)
  object space 77312K, 63% used [0x0000000700000000,0x0000000702fc5198,0x0000000704b80000)
 Metaspace       used 58058K, capacity 58445K, committed 58928K, reserved 1099776K
  class space    used 8347K, capacity 8421K, committed 8496K, reserved 1048576K
}
Event: 1038.418 GC heap before
{Heap before GC invocations=56 (full 6):
 PSYoungGen      total 53248K, used 48435K [0x00000007bc400000, 0x00000007c0000000, 0x00000007c0000000)
  eden space 45568K, 100% used [0x00000007bc400000,0x00000007bf080000,0x00000007bf080000)
  from space 7680K, 37% used [0x00000007bf080000,0x00000007bf34cd80,0x00000007bf800000)
  to   space 7168K, 0% used [0x00000007bf900000,0x00000007bf900000,0x00000007c0000000)
 ParOldGen       total 77312K, used 48916K [0x0000000700000000, 0x0000000704b80000, 0x00000007bc400000)
  object space 77312K, 63% used [0x0000000700000000,0x0000000702fc5198,0x0000000704b80000)
 Metaspace       used 58059K, capacity 58445K, committed 58928K, reserved 1099776K
  class space    used 8347K, capacity 8421K, committed 8496K, reserved 1048576K
Event: 1038.427 GC heap after
Heap after GC invocations=56 (full 6):
 PSYoungGen      total 54272K, used 2819K [0x00000007bc400000, 0x00000007c0000000, 0x00000007c0000000)
  eden space 47104K, 0% used [0x00000007bc400000,0x00000007bc400000,0x00000007bf200000)
  from space 7168K, 39% used [0x00000007bf900000,0x00000007bfbc0d90,0x00000007c0000000)
  to   space 7168K, 0% used [0x00000007bf200000,0x00000007bf200000,0x00000007bf900000)
 ParOldGen       total 77312K, used 48916K [0x0000000700000000, 0x0000000704b80000, 0x00000007bc400000)
  object space 77312K, 63% used [0x0000000700000000,0x0000000702fc5198,0x0000000704b80000)
 Metaspace       used 58059K, capacity 58445K, committed 58928K, reserved 1099776K
  class space    used 8347K, capacity 8421K, committed 8496K, reserved 1048576K
}
Event: 1048.459 GC heap before
{Heap before GC invocations=57 (full 6):
 PSYoungGen      total 54272K, used 49923K [0x00000007bc400000, 0x00000007c0000000, 0x00000007c0000000)
  eden space 47104K, 100% used [0x00000007bc400000,0x00000007bf200000,0x00000007bf200000)
  from space 7168K, 39% used [0x00000007bf900000,0x00000007bfbc0d90,0x00000007c0000000)
  to   space 7168K, 0% used [0x00000007bf200000,0x00000007bf200000,0x00000007bf900000)
 ParOldGen       total 77312K, used 48916K [0x0000000700000000, 0x0000000704b80000, 0x00000007bc400000)
  object space 77312K, 63% used [0x0000000700000000,0x0000000702fc5198,0x0000000704b80000)
 Metaspace       used 58166K, capacity 58509K, committed 59184K, reserved 1099776K
  class space    used 8353K, capacity 8421K, committed 8496K, reserved 1048576K
Event: 1048.471 GC heap after
Heap after GC invocations=57 (full 6):
 PSYoungGen      total 54272K, used 4454K [0x00000007bc400000, 0x00000007c0000000, 0x00000007c0000000)
  eden space 47104K, 0% used [0x00000007bc400000,0x00000007bc400000,0x00000007bf200000)
  from space 7168K, 62% used [0x00000007bf200000,0x00000007bf659ab8,0x00000007bf900000)
  to   space 7168K, 0% used [0x00000007bf900000,0x00000007bf900000,0x00000007c0000000)
 ParOldGen       total 77312K, used 48916K [0x0000000700000000, 0x0000000704b80000, 0x00000007bc400000)
  object space 77312K, 63% used [0x0000000700000000,0x0000000702fc5198,0x0000000704b80000)
 Metaspace       used 58166K, capacity 58509K, committed 59184K, reserved 1099776K
  class space    used 8353K, capacity 8421K, committed 8496K, reserved 1048576K
}
Event: 1060.357 GC heap before
{Heap before GC invocations=58 (full 6):
 PSYoungGen      total 54272K, used 51558K [0x00000007bc400000, 0x00000007c0000000, 0x00000007c0000000)
  eden space 47104K, 100% used [0x00000007bc400000,0x00000007bf200000,0x00000007bf200000)
  from space 7168K, 62% used [0x00000007bf200000,0x00000007bf659ab8,0x00000007bf900000)
  to   space 7168K, 0% used [0x00000007bf900000,0x00000007bf900000,0x00000007c0000000)
 ParOldGen       total 77312K, used 48916K [0x0000000700000000, 0x0000000704b80000, 0x00000007bc400000)
  object space 77312K, 63% used [0x0000000700000000,0x0000000702fc5198,0x0000000704b80000)
 Metaspace       used 58506K, capacity 58829K, committed 59440K, reserved 1099776K
  class space    used 8434K, capacity 8485K, committed 8496K, reserved 1048576K
Event: 1060.366 GC heap after
Heap after GC invocations=58 (full 6):
 PSYoungGen      total 53248K, used 6282K [0x00000007bc400000, 0x00000007c0000000, 0x00000007c0000000)
  eden space 46080K, 0% used [0x00000007bc400000,0x00000007bc400000,0x00000007bf100000)
  from space 7168K, 87% used [0x00000007bf900000,0x00000007bff229f0,0x00000007c0000000)
  to   space 7680K, 0% used [0x00000007bf100000,0x00000007bf100000,0x00000007bf880000)
 ParOldGen       total 77312K, used 48916K [0x0000000700000000, 0x0000000704b80000, 0x00000007bc400000)
  object space 77312K, 63% used [0x0000000700000000,0x0000000702fc5198,0x0000000704b80000)
 Metaspace       used 58506K, capacity 58829K, committed 59440K, reserved 1099776K
  class space    used 8434K, capacity 8485K, committed 8496K, reserved 1048576K
}

